[debug] [2025-07-06T01:26:46.513Z] ----------------------------------------------------------------------
[debug] [2025-07-06T01:26:46.515Z] Command:       /opt/homebrew/Cellar/node/24.1.0/bin/node /opt/homebrew/bin/firebase init firestore
[debug] [2025-07-06T01:26:46.515Z] CLI Version:   13.29.1
[debug] [2025-07-06T01:26:46.515Z] Platform:      darwin
[debug] [2025-07-06T01:26:46.515Z] Node Version:  v24.1.0
[debug] [2025-07-06T01:26:46.515Z] Time:          Sun Jul 06 2025 04:26:46 GMT+0300 (GMT+03:00)
[debug] [2025-07-06T01:26:46.515Z] ----------------------------------------------------------------------
[debug] 
[debug] [2025-07-06T01:26:46.518Z] > command requires scopes: ["email","openid","https://www.googleapis.com/auth/cloudplatformprojects.readonly","https://www.googleapis.com/auth/firebase","https://www.googleapis.com/auth/cloud-platform"]
[debug] [2025-07-06T01:26:46.518Z] > authorizing via signed-in user (standytechnologies@gmail.com)
[info] 
     ######## #### ########  ######## ########     ###     ######  ########
     ##        ##  ##     ## ##       ##     ##  ##   ##  ##       ##
     ######    ##  ########  ######   ########  #########  ######  ######
     ##        ##  ##    ##  ##       ##     ## ##     ##       ## ##
     ##       #### ##     ## ######## ########  ##     ##  ######  ########

You're about to initialize a Firebase project in this directory:

  /Users/abdullahcat/katalog.bio

[info] 
=== Project Setup
[info] 
[info] First, let's associate this project directory with a Firebase project.
[info] You can create multiple project aliases by running firebase use --add, 
[info] but for now we'll just set up a default project.
[info] 
[debug] [2025-07-06T01:26:54.751Z] Checked if tokens are valid: false, expires at: 1746455835822
[debug] [2025-07-06T01:26:54.751Z] Checked if tokens are valid: false, expires at: 1746455835822
[debug] [2025-07-06T01:26:54.752Z] > refreshing access token with scopes: []
[debug] [2025-07-06T01:26:54.753Z] >>> [apiv2][query] POST https://www.googleapis.com/oauth2/v3/token [none]
[debug] [2025-07-06T01:26:54.753Z] >>> [apiv2][body] POST https://www.googleapis.com/oauth2/v3/token [omitted]
[debug] [2025-07-06T01:26:55.117Z] <<< [apiv2][status] POST https://www.googleapis.com/oauth2/v3/token 200
[debug] [2025-07-06T01:26:55.117Z] <<< [apiv2][body] POST https://www.googleapis.com/oauth2/v3/token [omitted]
[debug] [2025-07-06T01:26:55.147Z] >>> [apiv2][query] GET https://firebase.googleapis.com/v1beta1/projects pageSize=100
[debug] [2025-07-06T01:26:55.766Z] <<< [apiv2][status] GET https://firebase.googleapis.com/v1beta1/projects 200
[debug] [2025-07-06T01:26:55.766Z] <<< [apiv2][body] GET https://firebase.googleapis.com/v1beta1/projects [omitted]
[info] i  Using project standy-c3f1e (Standy) 
[info] 
=== Firestore Setup
[debug] [2025-07-06T01:27:00.149Z] Checked if tokens are valid: true, expires at: 1751768814117
[debug] [2025-07-06T01:27:00.149Z] Checked if tokens are valid: true, expires at: 1751768814117
[debug] [2025-07-06T01:27:00.149Z] >>> [apiv2][query] GET https://serviceusage.googleapis.com/v1/projects/standy-c3f1e/services/firestore.googleapis.com [none]
[debug] [2025-07-06T01:27:00.149Z] >>> [apiv2][(partial)header] GET https://serviceusage.googleapis.com/v1/projects/standy-c3f1e/services/firestore.googleapis.com x-goog-quota-user=projects/standy-c3f1e
[debug] [2025-07-06T01:27:01.417Z] <<< [apiv2][status] GET https://serviceusage.googleapis.com/v1/projects/standy-c3f1e/services/firestore.googleapis.com 200
[debug] [2025-07-06T01:27:01.417Z] <<< [apiv2][body] GET https://serviceusage.googleapis.com/v1/projects/standy-c3f1e/services/firestore.googleapis.com [omitted]
[debug] [2025-07-06T01:27:01.417Z] Checked if tokens are valid: true, expires at: 1751768814117
[debug] [2025-07-06T01:27:01.417Z] Checked if tokens are valid: true, expires at: 1751768814117
[debug] [2025-07-06T01:27:01.417Z] >>> [apiv2][query] GET https://firestore.googleapis.com/v1/projects/standy-c3f1e/databases/(default) [none]
[debug] [2025-07-06T01:27:01.862Z] <<< [apiv2][status] GET https://firestore.googleapis.com/v1/projects/standy-c3f1e/databases/(default) 200
[debug] [2025-07-06T01:27:01.862Z] <<< [apiv2][body] GET https://firestore.googleapis.com/v1/projects/standy-c3f1e/databases/(default) {"name":"projects/standy-c3f1e/databases/(default)","uid":"e96a21dd-fc09-4090-8668-d260ba9490f2","createTime":"2023-07-02T15:53:42.065611Z","updateTime":"2023-07-02T15:53:42.065611Z","locationId":"europe-west6","type":"FIRESTORE_NATIVE","concurrencyMode":"PESSIMISTIC","versionRetentionPeriod":"3600s","earliestVersionTime":"2025-07-06T00:27:01.945697Z","appEngineIntegrationMode":"DISABLED","keyPrefix":"o","pointInTimeRecoveryEnablement":"POINT_IN_TIME_RECOVERY_DISABLED","deleteProtectionState":"DELETE_PROTECTION_DISABLED","databaseEdition":"STANDARD","freeTier":true,"etag":"IL7eov6Jp44DMOrkp7yHqYwD"}
[debug] [2025-07-06T01:27:01.862Z] database_type: FIRESTORE_NATIVE
[debug] [2025-07-06T01:27:01.862Z] database_type: FIRESTORE_NATIVE
[debug] [2025-07-06T01:27:01.862Z] > command requires scopes: ["email","openid","https://www.googleapis.com/auth/cloudplatformprojects.readonly","https://www.googleapis.com/auth/firebase","https://www.googleapis.com/auth/cloud-platform"]
[debug] [2025-07-06T01:27:01.863Z] > authorizing via signed-in user (standytechnologies@gmail.com)
[debug] [2025-07-06T01:27:01.863Z] [iam] checking project standy-c3f1e for permissions ["firebase.projects.get"]
[debug] [2025-07-06T01:27:01.863Z] Checked if tokens are valid: true, expires at: 1751768814117
[debug] [2025-07-06T01:27:01.864Z] Checked if tokens are valid: true, expires at: 1751768814117
[debug] [2025-07-06T01:27:01.864Z] >>> [apiv2][query] POST https://cloudresourcemanager.googleapis.com/v1/projects/standy-c3f1e:testIamPermissions [none]
[debug] [2025-07-06T01:27:01.864Z] >>> [apiv2][(partial)header] POST https://cloudresourcemanager.googleapis.com/v1/projects/standy-c3f1e:testIamPermissions x-goog-quota-user=projects/standy-c3f1e
[debug] [2025-07-06T01:27:01.864Z] >>> [apiv2][body] POST https://cloudresourcemanager.googleapis.com/v1/projects/standy-c3f1e:testIamPermissions {"permissions":["firebase.projects.get"]}
[debug] [2025-07-06T01:27:02.935Z] <<< [apiv2][status] POST https://cloudresourcemanager.googleapis.com/v1/projects/standy-c3f1e:testIamPermissions 200
[debug] [2025-07-06T01:27:02.935Z] <<< [apiv2][body] POST https://cloudresourcemanager.googleapis.com/v1/projects/standy-c3f1e:testIamPermissions {"permissions":["firebase.projects.get"]}
[info] 
[info] Firestore Security Rules allow you to define how and when to allow
[info] requests. You can keep these rules in your project directory
[info] and publish them with firebase deploy.
[info] 
